17/01/25 00:06:13 |||audit|||||deploy|topology|default|unavailable|
17/01/25 00:06:18 |||audit|||||deploy|topology|admin|unavailable|
17/01/25 00:13:34 ||26fc9720-3d89-4ee4-b2cc-adca414e7e71|audit|TITANREST||||access|uri|/gateway/default/titan?gremlin|unavailable|Request method: GET
17/01/25 00:13:34 ||26fc9720-3d89-4ee4-b2cc-adca414e7e71|audit|TITANREST|guest|||authentication|uri|/gateway/default/titan?gremlin|success|
17/01/25 00:13:34 ||26fc9720-3d89-4ee4-b2cc-adca414e7e71|audit|TITANREST|guest|||authentication|uri|/gateway/default/titan?gremlin|success|Groups: []
17/01/25 00:13:34 ||26fc9720-3d89-4ee4-b2cc-adca414e7e71|audit|TITANREST|guest|||dispatch|uri|?user.name=guest|unavailable|Request method: GET
17/01/25 00:13:34 ||26fc9720-3d89-4ee4-b2cc-adca414e7e71|audit|TITANREST|guest|||dispatch|uri|?user.name=guest|failure|
17/01/25 00:13:34 ||26fc9720-3d89-4ee4-b2cc-adca414e7e71|audit|TITANREST|guest|||access|uri|/gateway/default/titan?gremlin|failure|
17/01/25 00:13:34 ||3499e0e8-3698-47b5-a641-db65738e2764|audit|TITANREST||||access|uri|/gateway/default/titan|unavailable|Request method: GET
17/01/25 00:13:34 ||3499e0e8-3698-47b5-a641-db65738e2764|audit|TITANREST|guest|||authentication|uri|/gateway/default/titan|success|
17/01/25 00:13:34 ||3499e0e8-3698-47b5-a641-db65738e2764|audit|TITANREST|guest|||authentication|uri|/gateway/default/titan|success|Groups: []
17/01/25 00:13:34 ||3499e0e8-3698-47b5-a641-db65738e2764|audit|TITANREST|guest|||dispatch|uri|?user.name=guest|unavailable|Request method: GET
17/01/25 00:13:34 ||3499e0e8-3698-47b5-a641-db65738e2764|audit|TITANREST|guest|||dispatch|uri|?user.name=guest|failure|
17/01/25 00:13:34 ||3499e0e8-3698-47b5-a641-db65738e2764|audit|TITANREST|guest|||access|uri|/gateway/default/titan|failure|
17/01/25 00:13:34 ||1ca28699-789f-4b15-bb5e-9597b6719797|audit|TITANREST||||access|uri|/gateway/default/titan/graphs|unavailable|Request method: GET
17/01/25 00:13:34 ||1ca28699-789f-4b15-bb5e-9597b6719797|audit|TITANREST|guest|||authentication|uri|/gateway/default/titan/graphs|success|
17/01/25 00:13:34 ||1ca28699-789f-4b15-bb5e-9597b6719797|audit|TITANREST|guest|||authentication|uri|/gateway/default/titan/graphs|success|Groups: []
17/01/25 00:13:34 ||1ca28699-789f-4b15-bb5e-9597b6719797|audit|TITANREST|guest|||dispatch|uri|http://titan:8182/graphs?user.name=guest|unavailable|Request method: GET
17/01/25 00:13:35 ||1ca28699-789f-4b15-bb5e-9597b6719797|audit|TITANREST|guest|||dispatch|uri|http://titan:8182/graphs?user.name=guest|failure|
17/01/25 00:13:35 ||1ca28699-789f-4b15-bb5e-9597b6719797|audit|TITANREST|guest|||access|uri|/gateway/default/titan/graphs|failure|
17/01/25 00:13:35 ||8367cc7c-6e4b-4ff4-9623-071a7dcdf917|audit|TITANREST||||access|uri|/gateway/default/titan/graphs?gremlin|unavailable|Request method: GET
17/01/25 00:13:35 ||8367cc7c-6e4b-4ff4-9623-071a7dcdf917|audit|TITANREST|guest|||authentication|uri|/gateway/default/titan/graphs?gremlin|success|
17/01/25 00:13:35 ||8367cc7c-6e4b-4ff4-9623-071a7dcdf917|audit|TITANREST|guest|||authentication|uri|/gateway/default/titan/graphs?gremlin|success|Groups: []
17/01/25 00:13:35 ||8367cc7c-6e4b-4ff4-9623-071a7dcdf917|audit|TITANREST|guest|||dispatch|uri|http://titan:8182/graphs?gremlin&user.name=guest|unavailable|Request method: GET
17/01/25 00:13:35 ||8367cc7c-6e4b-4ff4-9623-071a7dcdf917|audit|TITANREST|guest|||dispatch|uri|http://titan:8182/graphs?gremlin&user.name=guest|failure|
17/01/25 00:13:35 ||8367cc7c-6e4b-4ff4-9623-071a7dcdf917|audit|TITANREST|guest|||access|uri|/gateway/default/titan/graphs?gremlin|failure|
17/01/25 00:14:41 |||audit|||||deploy|topology|default|unavailable|
17/01/25 00:14:51 ||66e524cb-e0bf-4882-a986-d2dee65eda9a|audit|TITANREST||||access|uri|/gateway/default/titan?gremlin|unavailable|Request method: GET
17/01/25 00:14:51 ||66e524cb-e0bf-4882-a986-d2dee65eda9a|audit|TITANREST|guest|||authentication|uri|/gateway/default/titan?gremlin|success|
17/01/25 00:14:51 ||66e524cb-e0bf-4882-a986-d2dee65eda9a|audit|TITANREST|guest|||authentication|uri|/gateway/default/titan?gremlin|success|Groups: []
17/01/25 00:14:51 ||66e524cb-e0bf-4882-a986-d2dee65eda9a|audit|TITANREST|guest|||dispatch|uri|?user.name=guest|unavailable|Request method: GET
17/01/25 00:14:51 ||66e524cb-e0bf-4882-a986-d2dee65eda9a|audit|TITANREST|guest|||dispatch|uri|?user.name=guest|failure|
17/01/25 00:14:51 ||66e524cb-e0bf-4882-a986-d2dee65eda9a|audit|TITANREST|guest|||access|uri|/gateway/default/titan?gremlin|failure|
17/01/25 00:14:51 ||9a94aec8-9ec5-4567-9b4f-7ce455836f84|audit|TITANREST||||access|uri|/gateway/default/titan|unavailable|Request method: GET
17/01/25 00:14:51 ||9a94aec8-9ec5-4567-9b4f-7ce455836f84|audit|TITANREST|guest|||authentication|uri|/gateway/default/titan|success|
17/01/25 00:14:51 ||9a94aec8-9ec5-4567-9b4f-7ce455836f84|audit|TITANREST|guest|||authentication|uri|/gateway/default/titan|success|Groups: []
17/01/25 00:14:51 ||9a94aec8-9ec5-4567-9b4f-7ce455836f84|audit|TITANREST|guest|||dispatch|uri|?user.name=guest|unavailable|Request method: GET
17/01/25 00:14:51 ||9a94aec8-9ec5-4567-9b4f-7ce455836f84|audit|TITANREST|guest|||dispatch|uri|?user.name=guest|failure|
17/01/25 00:14:51 ||9a94aec8-9ec5-4567-9b4f-7ce455836f84|audit|TITANREST|guest|||access|uri|/gateway/default/titan|failure|
17/01/25 00:14:51 ||f412438d-49eb-4379-96cc-f7748e17df70|audit|TITANREST||||access|uri|/gateway/default/titan/graphs|unavailable|Request method: GET
17/01/25 00:14:51 ||f412438d-49eb-4379-96cc-f7748e17df70|audit|TITANREST|guest|||authentication|uri|/gateway/default/titan/graphs|success|
17/01/25 00:14:51 ||f412438d-49eb-4379-96cc-f7748e17df70|audit|TITANREST|guest|||authentication|uri|/gateway/default/titan/graphs|success|Groups: []
17/01/25 00:14:51 ||f412438d-49eb-4379-96cc-f7748e17df70|audit|TITANREST|guest|||dispatch|uri|http://localhost:8182/graphs?user.name=guest|unavailable|Request method: GET
17/01/25 00:14:51 ||f412438d-49eb-4379-96cc-f7748e17df70|audit|TITANREST|guest|||dispatch|uri|http://localhost:8182/graphs?user.name=guest|failure|
17/01/25 00:14:51 ||f412438d-49eb-4379-96cc-f7748e17df70|audit|TITANREST|guest|||access|uri|/gateway/default/titan/graphs|failure|
17/01/25 00:14:52 ||e2d17f8a-351a-4b13-8250-6dc08c0494c1|audit|TITANREST||||access|uri|/gateway/default/titan/graphs?gremlin|unavailable|Request method: GET
17/01/25 00:14:52 ||e2d17f8a-351a-4b13-8250-6dc08c0494c1|audit|TITANREST|guest|||authentication|uri|/gateway/default/titan/graphs?gremlin|success|
17/01/25 00:14:52 ||e2d17f8a-351a-4b13-8250-6dc08c0494c1|audit|TITANREST|guest|||authentication|uri|/gateway/default/titan/graphs?gremlin|success|Groups: []
17/01/25 00:14:52 ||e2d17f8a-351a-4b13-8250-6dc08c0494c1|audit|TITANREST|guest|||dispatch|uri|http://localhost:8182/graphs?gremlin&user.name=guest|unavailable|Request method: GET
17/01/25 00:14:52 ||e2d17f8a-351a-4b13-8250-6dc08c0494c1|audit|TITANREST|guest|||dispatch|uri|http://localhost:8182/graphs?gremlin&user.name=guest|failure|
17/01/25 00:14:52 ||e2d17f8a-351a-4b13-8250-6dc08c0494c1|audit|TITANREST|guest|||access|uri|/gateway/default/titan/graphs?gremlin|failure|
17/01/25 05:11:13 |||audit|||||deploy|topology|default|unavailable|
17/01/25 05:11:15 |||audit|||||deploy|topology|admin|unavailable|
